#
# A fatal error has been detected by the Java Runtime Environment:
#
#  Internal Error (javaClasses.cpp:136), pid=5712, tid=5528
#  fatal error: Invalid layout of preloaded class
#
# JRE version:  (7.0_67-b01) (build )
# Java VM: Java HotSpot(TM) Client VM (24.65-b04 mixed mode windows-x86 )
# Failed to write core dump. Minidumps are not enabled by default on client versions of Windows
#
# If you would like to submit a bug report, please visit:
#   http://bugreport.sun.com/bugreport/crash.jsp
#

---------------  T H R E A D  ---------------

Current thread (0x009abc00):  JavaThread "Unknown thread" [_thread_in_vm, id=5528, stack(0x00460000,0x004b0000)]

Stack: [0x00460000,0x004b0000],  sp=0x004af550,  free space=317k
Native frames: (J=compiled Java code, j=interpreted, Vv=VM code, C=native code)
V  [jvm.dll+0x190494]
V  [jvm.dll+0x18a116]
V  [jvm.dll+0x35d7a]
V  [jvm.dll+0x35e06]
V  [jvm.dll+0x4465d]
V  [jvm.dll+0x4490e]
V  [jvm.dll+0x92f8a]
V  [jvm.dll+0x9333b]
V  [jvm.dll+0x13fa31]
V  [jvm.dll+0x1626fc]
V  [jvm.dll+0xc9d6f]
C  [javaw.exe+0x13ce]
C  [javaw.exe+0x1e40]
C  [javaw.exe+0xa601]
C  [javaw.exe+0xa68b]
C  [KERNEL32.DLL+0x1919f]
C  [ntdll.dll+0x50bbb]
C  [ntdll.dll+0x50b91]


---------------  P R O C E S S  ---------------

Java Threads: ( => current thread )

Other Threads:

=>0x009abc00 (exited) JavaThread "Unknown thread" [_thread_in_vm, id=5528, stack(0x00460000,0x004b0000)]

VM state:not at safepoint (not fully initialized)

VM Mutex/Monitor currently owned by a thread: None

GC Heap History (0 events):
No events

Deoptimization events (0 events):
No events

Internal exceptions (0 events):
No events

Events (10 events):
Event: 0.012 loading class 0x009fad40 done
Event: 0.012 loading class 0x009fa7d0 done
Event: 0.012 loading class 0x009fa7b0
Event: 0.012 loading class 0x00a01b20
Event: 0.012 loading class 0x00a01b20 done
Event: 0.012 loading class 0x00a01b50
Event: 0.012 loading class 0x00a01b50 done
Event: 0.012 loading class 0x00a01b80
Event: 0.012 loading class 0x00a01b80 done
Event: 0.012 loading class 0x009fa7b0 done


Dynamic libraries:
0x00df0000 - 0x00e1f000 	C:\Program Files (x86)\Java\jre7\bin\javaw.exe
0x779f0000 - 0x77b57000 	C:\WINDOWS\SYSTEM32\ntdll.dll
0x75520000 - 0x75660000 	C:\WINDOWS\SYSTEM32\KERNEL32.DLL
0x75450000 - 0x75520000 	C:\WINDOWS\SYSTEM32\KERNELBASE.dll
0x732e0000 - 0x73379000 	C:\WINDOWS\system32\apphelp.dll
0x72f00000 - 0x73159000 	C:\WINDOWS\AppPatch\AcGenral.DLL
0x75a70000 - 0x75b2e000 	C:\WINDOWS\SYSTEM32\msvcrt.dll
0x77710000 - 0x7774e000 	C:\WINDOWS\SYSTEM32\sechost.dll
0x75410000 - 0x7542d000 	C:\WINDOWS\SYSTEM32\SspiCli.dll
0x77460000 - 0x774a1000 	C:\WINDOWS\SYSTEM32\SHLWAPI.dll
0x74860000 - 0x7493b000 	C:\WINDOWS\SYSTEM32\UxTheme.dll
0x76ff0000 - 0x7713f000 	C:\WINDOWS\SYSTEM32\USER32.dll
0x774b0000 - 0x775b7000 	C:\WINDOWS\SYSTEM32\GDI32.dll
0x74b00000 - 0x74b20000 	C:\WINDOWS\SYSTEM32\WINMM.dll
0x72ee0000 - 0x72ef2000 	C:\WINDOWS\SYSTEM32\samcli.dll
0x77140000 - 0x7724c000 	C:\WINDOWS\SYSTEM32\ole32.dll
0x759e0000 - 0x75a67000 	C:\WINDOWS\SYSTEM32\OLEAUT32.dll
0x72ec0000 - 0x72ed5000 	C:\WINDOWS\SYSTEM32\MSACM32.dll
0x74f00000 - 0x74f08000 	C:\WINDOWS\SYSTEM32\VERSION.dll
0x75e30000 - 0x76fe7000 	C:\WINDOWS\SYSTEM32\SHELL32.dll
0x752c0000 - 0x752d9000 	C:\WINDOWS\SYSTEM32\USERENV.dll
0x746f0000 - 0x74708000 	C:\WINDOWS\SYSTEM32\dwmapi.dll
0x72d90000 - 0x72ebc000 	C:\WINDOWS\SYSTEM32\urlmon.dll
0x757b0000 - 0x75828000 	C:\WINDOWS\SYSTEM32\ADVAPI32.dll
0x73f90000 - 0x73fee000 	C:\WINDOWS\SYSTEM32\WINSPOOL.DRV
0x72d70000 - 0x72d84000 	C:\WINDOWS\SYSTEM32\MPR.dll
0x75b30000 - 0x75be0000 	C:\WINDOWS\SYSTEM32\RPCRT4.dll
0x75400000 - 0x75409000 	C:\WINDOWS\SYSTEM32\CRYPTBASE.dll
0x75660000 - 0x757ae000 	C:\WINDOWS\SYSTEM32\combase.dll
0x74ae0000 - 0x74b00000 	C:\WINDOWS\SYSTEM32\WINMMBASE.dll
0x752b0000 - 0x752be000 	C:\WINDOWS\SYSTEM32\profapi.dll
0x733e0000 - 0x735fb000 	C:\WINDOWS\SYSTEM32\iertutil.dll
0x73600000 - 0x737c2000 	C:\WINDOWS\SYSTEM32\WININET.dll
0x753a0000 - 0x753f2000 	C:\WINDOWS\SYSTEM32\bcryptPrimitives.dll
0x778e0000 - 0x7791a000 	C:\WINDOWS\SYSTEM32\cfgmgr32.dll
0x75080000 - 0x7509f000 	C:\WINDOWS\SYSTEM32\DEVOBJ.dll
0x750f0000 - 0x75166000 	C:\WINDOWS\SYSTEM32\SHCORE.DLL
0x77250000 - 0x77275000 	C:\WINDOWS\system32\IMM32.DLL
0x77610000 - 0x77707000 	C:\WINDOWS\SYSTEM32\MSCTF.dll
0x737e0000 - 0x739c6000 	C:\WINDOWS\WinSxS\x86_microsoft.windows.common-controls_6595b64144ccf1df_6.0.9600.17031_none_a9efdb8b01377ea7\COMCTL32.dll
0x67d50000 - 0x67e0f000 	C:\Program Files (x86)\Java\jre7\bin\msvcr100.dll
0x679c0000 - 0x67d48000 	C:\Program Files (x86)\Java\jre7\bin\client\jvm.dll
0x6d4f0000 - 0x6d4f8000 	C:\WINDOWS\SYSTEM32\WSOCK32.dll
0x775c0000 - 0x775c6000 	C:\WINDOWS\SYSTEM32\PSAPI.DLL
0x75830000 - 0x7587d000 	C:\WINDOWS\SYSTEM32\WS2_32.dll
0x778d0000 - 0x778d7000 	C:\WINDOWS\SYSTEM32\NSI.dll
0x679b0000 - 0x679bc000 	C:\Program Files (x86)\Java\jre7\bin\verify.dll
0x67990000 - 0x679b0000 	C:\Program Files (x86)\Java\jre7\bin\java.dll
0x67970000 - 0x67983000 	C:\Program Files (x86)\Java\jre7\bin\zip.dll
0x74f10000 - 0x75058000 	C:\WINDOWS\SYSTEM32\dbghelp.dll

VM Arguments:
jvm_args: -Dfile.encoding=Cp1252 -Xbootclasspath:C:\Users\Ronnie\Desktop\Development\ADT-Bundle\sdk\platforms\android-19\android.jar 
java_command: rd.dap.model.Bookmark
Launcher Type: SUN_STANDARD

Environment Variables:
PATH=C:/Program Files (x86)/Java/jre1.8.0_25/bin/client;C:/Program Files (x86)/Java/jre1.8.0_25/bin;C:/Program Files (x86)/Java/jre1.8.0_25/lib/i386;C:\ProgramData\Oracle\Java\javapath;C:\WINDOWS\system32;C:\WINDOWS;C:\WINDOWS\System32\Wbem;C:\WINDOWS\System32\WindowsPowerShell\v1.0\;C:\Program Files (x86)\QuickTime\QTSystem\;C:\php\;C:\Users\Ronnie\Desktop\Development\ADT-Bundle\eclipse;
USERNAME=Ronnie
OS=Windows_NT
PROCESSOR_IDENTIFIER=Intel64 Family 6 Model 37 Stepping 5, GenuineIntel



---------------  S Y S T E M  ---------------

OS: Windows 8.1 , 64 bit Build 9600 

CPU:total 4 (2 cores per cpu, 2 threads per core) family 6 model 37 stepping 5, cmov, cx8, fxsr, mmx, sse, sse2, sse3, ssse3, sse4.1, sse4.2, popcnt, ht, tsc, tscinvbit

Memory: 4k page, physical 3985868k(1761820k free), swap 8049100k(5202092k free)

vm_info: Java HotSpot(TM) Client VM (24.65-b04) for windows-x86 JRE (1.7.0_67-b01), built on Jul 25 2014 10:20:53 by "java_re" with unknown MS VC++:1600

time: Fri Oct 17 11:15:35 2014
elapsed time: 0 seconds

